<?xml version="1.0" encoding="UTF-8"?>
<!-- Generated by org.testng.reporters.JUnitReportReporter -->
<testsuite hostname="DESKTOP-C38L3CM" name="TestNG.bbcs.scut" tests="1" failures="0" timestamp="1 Apr 2018 05:13:00 GMT" time="0.015" errors="0">
  <testcase name="testname" time="0.015" classname="TestNG.bbcs.scut"/>
</testsuite> <!-- TestNG.bbcs.scut -->
